2026-02-05 16:52:14,056: Department of Uniway deleted an entry - Anjali Sharma, from Seminars. (WARNING)
2026-02-05 16:52:18,325: Department of Uniway deleted an entry - Jyotsna Talrej Wassan, from Seminars. (WARNING)
2026-02-05 16:52:22,622: Department of Uniway deleted an entry - Anjali Sharma, from Seminars. (WARNING)
2026-02-05 16:52:26,845: Department of Uniway deleted an entry - Anjali, from Seminars. (WARNING)
2026-02-05 16:52:31,023: Department of Uniway deleted an entry - Anjali Sharma, from Seminars. (WARNING)
2026-02-05 16:52:34,612: Department of Uniway deleted an entry - Anjali Sharma, from Seminars. (WARNING)
2026-02-05 16:52:38,424: Department of Uniway deleted an entry - Anjali Sharma, from Seminars. (WARNING)
2026-02-05 16:52:42,812: Department of Uniway deleted an entry - Anjali Sharma, from Seminars. (WARNING)
2026-02-05 16:52:46,811: Department of Uniway deleted an entry - Mental Health Talk, from Seminars. (WARNING)
2026-02-05 16:52:53,001: Department of Uniway deleted an entry - Anjali, from Seminars. (WARNING)
2026-02-05 16:52:57,957: Department of Uniway deleted an entry - Anjali Sharma, from Seminars. (WARNING)
2026-02-05 16:53:01,301: Department of Uniway deleted an entry - Jyotsna Talrej Wassan, from Seminars. (WARNING)
2026-02-05 16:53:05,546: Department of Uniway deleted an entry - Jyotsna Talrej Wassan, from Seminars. (WARNING)
2026-02-05 16:53:10,067: Department of Uniway deleted an entry - Jyotsna Talrej Wassan, from Seminars. (WARNING)
2026-02-05 16:53:14,512: Department of Uniway deleted an entry - Anjali Sharma, from Seminars. (WARNING)
2026-02-05 16:53:18,835: Department of Uniway deleted an entry - Anjali Sharma, from Seminars. (WARNING)
2026-02-05 16:53:50,212: Department of Uniway deleted an entry - Anjali Sharma, from Seminars. (WARNING)
2026-02-05 16:53:54,702: Department of Uniway deleted an entry - Anjali, from Seminars. (WARNING)
2026-02-05 16:53:58,182: Department of Uniway deleted an entry - Jyotsna Talrej Wassan, from Seminars. (WARNING)
2026-02-05 16:54:02,025: Department of Uniway deleted an entry - Jyotsna Talrej Wassan, from Seminars. (WARNING)
2026-02-05 16:54:05,380: Department of Uniway deleted an entry - Anjali Sharma, from Seminars. (WARNING)
2026-02-05 16:54:08,793: Department of Uniway deleted an entry - Anjali Sharma, from Seminars. (WARNING)
2026-02-05 16:54:11,980: Department of Uniway deleted an entry - Anjali, from Seminars. (WARNING)
2026-02-05 16:54:15,424: Department of Uniway deleted an entry - Anjali Sharma, from Seminars. (WARNING)
2026-02-05 16:54:18,969: Department of Uniway deleted an entry - Anjali Sharma, from Seminars. (WARNING)
2026-02-05 16:54:22,279: Department of Uniway deleted an entry - Anjali Sharma, from Seminars. (WARNING)
2026-02-05 16:54:25,512: Department of Uniway deleted an entry - Anjali Sharma, from Seminars. (WARNING)
2026-02-05 16:54:29,603: Department of Uniway deleted an entry - Anjali Sharma, from Events and Competitions. (WARNING)
2026-02-05 16:54:33,802: Department of Uniway deleted an entry - Jyotsna Talrej Wassan, from Events and Competitions. (WARNING)
2026-02-05 16:54:37,259: Department of Uniway deleted an entry - Jyotsna Talrej Wassan, from Events and Competitions. (WARNING)
2026-02-05 16:54:40,674: Department of Uniway deleted an entry - Anjali Sharma, from Events and Competitions. (WARNING)
2026-02-05 16:54:45,346: Department of Uniway deleted an entry - Anjali Sharma, from Events and Competitions. (WARNING)
2026-02-05 16:54:49,269: Department of Uniway deleted an entry - Anjali Sharma, from Events and Competitions. (WARNING)
2026-02-05 16:54:54,191: Department of Uniway deleted an entry - Anjali Sharma, from Fests. (WARNING)
2026-02-05 16:54:58,881: Department of Uniway deleted an entry - Anjali Sharma, from Fests. (WARNING)
2026-02-05 16:55:02,647: Department of Uniway deleted an entry - Anjali Sharma, from Fests. (WARNING)
2026-02-05 16:55:05,991: Department of Uniway deleted an entry - Anjali, from Fests. (WARNING)
2026-02-05 16:55:09,648: Department of Uniway deleted an entry - Anjali, from Fests. (WARNING)
2026-02-05 16:55:17,803: Department of Uniway deleted an entry - hi, from notices. (WARNING)
